<?xml version="1.0" encoding="UTF-8"?>
<testng-results ignored="0" total="1" passed="1" failed="0" skipped="0">
  <reporter-output>
  </reporter-output>
  <suite started-at="2023-11-16T16:43:18 IST" name="Default suite" finished-at="2023-11-16T16:43:24 IST" duration-ms="5887">
    <groups>
    </groups>
    <test started-at="2023-11-16T16:43:18 IST" name="Default test" finished-at="2023-11-16T16:43:24 IST" duration-ms="5887">
      <class name="testCases.TestCase26">
        <test-method is-config="true" signature="setup()[pri:0, instance:testCases.TestCase26@63376bed]" started-at="2023-11-16T16:43:18 IST" name="setup" finished-at="2023-11-16T16:43:23 IST" duration-ms="4409" status="PASS">
          <reporter-output>
          </reporter-output>
        </test-method> <!-- setup -->
        <test-method signature="verifyScrollUpWithoutArrowButtonAndScrollDownFunctionality()[pri:0, instance:testCases.TestCase26@63376bed]" started-at="2023-11-16T16:43:23 IST" name="verifyScrollUpWithoutArrowButtonAndScrollDownFunctionality" finished-at="2023-11-16T16:43:24 IST" duration-ms="1206" status="PASS">
          <reporter-output>
          </reporter-output>
        </test-method> <!-- verifyScrollUpWithoutArrowButtonAndScrollDownFunctionality -->
        <test-method is-config="true" signature="teardown()[pri:0, instance:testCases.TestCase26@63376bed]" started-at="2023-11-16T16:43:24 IST" name="teardown" finished-at="2023-11-16T16:43:24 IST" duration-ms="224" status="PASS">
          <reporter-output>
          </reporter-output>
        </test-method> <!-- teardown -->
      </class> <!-- testCases.TestCase26 -->
    </test> <!-- Default test -->
  </suite> <!-- Default suite -->
</testng-results>
